0 info it worked if it ends with ok
1 verbose cli [ '/usr/local/bin/node',
1 verbose cli   '/usr/local/bin/npm',
1 verbose cli   '-g',
1 verbose cli   'install',
1 verbose cli   'ionic' ]
2 info using npm@1.3.11
3 info using node@v0.10.21
4 verbose cache add [ 'ionic', null ]
5 verbose cache add name=undefined spec="ionic" args=["ionic",null]
6 verbose parsed url { protocol: null,
6 verbose parsed url   slashes: null,
6 verbose parsed url   auth: null,
6 verbose parsed url   host: null,
6 verbose parsed url   port: null,
6 verbose parsed url   hostname: null,
6 verbose parsed url   hash: null,
6 verbose parsed url   search: null,
6 verbose parsed url   query: null,
6 verbose parsed url   pathname: 'ionic',
6 verbose parsed url   path: 'ionic',
6 verbose parsed url   href: 'ionic' }
7 silly lockFile 00d10074-ionic ionic
8 verbose lock ionic /Users/Au/.npm/00d10074-ionic.lock
9 silly lockFile 00d10074-ionic ionic
10 silly lockFile 00d10074-ionic ionic
11 verbose addNamed [ 'ionic', '' ]
12 verbose addNamed [ null, '*' ]
13 silly lockFile 966fc04a-ionic ionic@
14 verbose lock ionic@ /Users/Au/.npm/966fc04a-ionic.lock
15 silly addNameRange { name: 'ionic', range: '*', hasData: false }
16 verbose url raw ionic
17 verbose url resolving [ 'https://registry.npmjs.org/', './ionic' ]
18 verbose url resolved https://registry.npmjs.org/ionic
19 info trying registry request attempt 1 at 02:32:42
20 http GET https://registry.npmjs.org/ionic
21 http 200 https://registry.npmjs.org/ionic
22 silly registry.get cb [ 200,
22 silly registry.get   { date: 'Wed, 02 Apr 2014 06:32:44 GMT',
22 silly registry.get     server: 'CouchDB/1.6.0+build.fauxton-91-g5a2864b (Erlang OTP/R14B04)',
22 silly registry.get     etag: '"8VEJCZ684KNTEAI07B8IWU2M2"',
22 silly registry.get     'content-type': 'application/json',
22 silly registry.get     via: '1.1 varnish',
22 silly registry.get     'cache-control': 'max-age=1',
22 silly registry.get     'content-length': '15555',
22 silly registry.get     'accept-ranges': 'bytes',
22 silly registry.get     age: '275',
22 silly registry.get     'x-served-by': 'cache-v44-ASH, cache-at52-ATL',
22 silly registry.get     'x-cache': 'HIT, MISS',
22 silly registry.get     'x-cache-hits': '1, 0',
22 silly registry.get     'x-timer': 'S1396420364.158773184,VS0,VS4,VE97,VE106',
22 silly registry.get     vary: 'Accept',
22 silly registry.get     'keep-alive': 'timeout=10, max=50',
22 silly registry.get     connection: 'Keep-Alive' } ]
23 silly addNameRange number 2 { name: 'ionic', range: '*', hasData: true }
24 silly addNameRange versions [ 'ionic',
24 silly addNameRange   [ '0.9.6',
24 silly addNameRange     '0.9.8',
24 silly addNameRange     '0.9.9',
24 silly addNameRange     '0.9.10',
24 silly addNameRange     '0.9.11',
24 silly addNameRange     '0.9.12',
24 silly addNameRange     '0.9.13',
24 silly addNameRange     '0.9.14',
24 silly addNameRange     '0.9.15',
24 silly addNameRange     '0.9.16',
24 silly addNameRange     '1.0.0-beta.1',
24 silly addNameRange     '1.0.0-beta',
24 silly addNameRange     '1.0.1-beta' ] ]
25 verbose addNamed [ 'ionic', '1.0.1-beta' ]
26 verbose addNamed [ '1.0.1-beta', '1.0.1-beta' ]
27 silly lockFile 75eacec8-ionic-1-0-1-beta ionic@1.0.1-beta
28 verbose lock ionic@1.0.1-beta /Users/Au/.npm/75eacec8-ionic-1-0-1-beta.lock
29 silly lockFile 19ff16ea-s-org-ionic-ionic-1-0-1-beta-tgz https://registry.npmjs.org/ionic/-/ionic-1.0.1-beta.tgz
30 verbose lock https://registry.npmjs.org/ionic/-/ionic-1.0.1-beta.tgz /Users/Au/.npm/19ff16ea-s-org-ionic-ionic-1-0-1-beta-tgz.lock
31 verbose addRemoteTarball [ 'https://registry.npmjs.org/ionic/-/ionic-1.0.1-beta.tgz',
31 verbose addRemoteTarball   '47c1ac0e01a80d9d285d28c49006d64272998ba8' ]
32 info retry fetch attempt 1 at 02:32:42
33 verbose fetch to= /var/folders/t9/yqdtb7bs2zv99b4dfp4q014m0000gn/T/npm-77015-wqUddXUV/1396420362965-0.6716083725914359/tmp.tgz
34 http GET https://registry.npmjs.org/ionic/-/ionic-1.0.1-beta.tgz
35 http 200 https://registry.npmjs.org/ionic/-/ionic-1.0.1-beta.tgz
36 verbose tar unpack /var/folders/t9/yqdtb7bs2zv99b4dfp4q014m0000gn/T/npm-77015-wqUddXUV/1396420362965-0.6716083725914359/tmp.tgz
37 silly lockFile 57e26818-62965-0-6716083725914359-package tar:///var/folders/t9/yqdtb7bs2zv99b4dfp4q014m0000gn/T/npm-77015-wqUddXUV/1396420362965-0.6716083725914359/package
38 verbose lock tar:///var/folders/t9/yqdtb7bs2zv99b4dfp4q014m0000gn/T/npm-77015-wqUddXUV/1396420362965-0.6716083725914359/package /Users/Au/.npm/57e26818-62965-0-6716083725914359-package.lock
39 silly lockFile fc018066-62965-0-6716083725914359-tmp-tgz tar:///var/folders/t9/yqdtb7bs2zv99b4dfp4q014m0000gn/T/npm-77015-wqUddXUV/1396420362965-0.6716083725914359/tmp.tgz
40 verbose lock tar:///var/folders/t9/yqdtb7bs2zv99b4dfp4q014m0000gn/T/npm-77015-wqUddXUV/1396420362965-0.6716083725914359/tmp.tgz /Users/Au/.npm/fc018066-62965-0-6716083725914359-tmp-tgz.lock
41 silly gunzTarPerm modes [ '755', '644' ]
42 silly gunzTarPerm extractEntry package.json
43 silly gunzTarPerm extractEntry .npmignore
44 silly gunzTarPerm extractEntry README.md
45 silly gunzTarPerm extractEntry LICENSE
46 silly gunzTarPerm extractEntry .gitattributes
47 silly gunzTarPerm extractEntry bin/ionic
48 silly gunzTarPerm extractEntry bin/myApp/package.json
49 silly gunzTarPerm extractEntry bin/myApp/.npmignore
50 silly gunzTarPerm extractEntry bin/myApp/README.md
51 silly gunzTarPerm extractEntry bin/myApp/gulpfile.js
52 silly gunzTarPerm extractEntry bin/myApp/hooks/.npmignore
53 silly gunzTarPerm extractEntry bin/myApp/hooks/README.md
54 silly gunzTarPerm extractEntry bin/myApp/.bowerrc
55 silly gunzTarPerm extractEntry bin/myApp/bower.json
56 silly gunzTarPerm extractEntry bin/myApp/ionic.project
57 silly gunzTarPerm extractEntry bin/myApp/config.xml
58 silly gunzTarPerm extractEntry bin/myApp/platforms/.npmignore
59 silly gunzTarPerm extractEntry bin/myApp/plugins/.npmignore
60 silly gunzTarPerm extractEntry bin/myApp/plugins/org.apache.cordova.console/package.json
61 silly gunzTarPerm extractEntry bin/myApp/plugins/org.apache.cordova.console/README.md
62 silly gunzTarPerm extractEntry bin/myApp/plugins/org.apache.cordova.console/LICENSE
63 silly gunzTarPerm extractEntry bin/myApp/plugins/org.apache.cordova.console/.fetch.json
64 silly gunzTarPerm extractEntry bin/myApp/plugins/org.apache.cordova.console/RELEASENOTES.md
65 silly gunzTarPerm extractEntry bin/myApp/plugins/org.apache.cordova.console/doc/index.md
66 silly gunzTarPerm extractEntry bin/myApp/plugins/org.apache.cordova.console/plugin.xml
67 silly gunzTarPerm extractEntry bin/myApp/plugins/org.apache.cordova.console/src/ios/CDVLogger.h
68 silly gunzTarPerm extractEntry bin/myApp/plugins/org.apache.cordova.console/src/ios/CDVLogger.m
69 silly gunzTarPerm extractEntry bin/myApp/plugins/org.apache.cordova.console/src/ubuntu/console.cpp
70 silly gunzTarPerm extractEntry bin/myApp/plugins/org.apache.cordova.console/src/ubuntu/console.h
71 silly gunzTarPerm extractEntry bin/myApp/plugins/org.apache.cordova.console/src/wp/DebugConsole.cs
72 silly gunzTarPerm extractEntry bin/myApp/plugins/org.apache.cordova.console/www/console-via-logger.js
73 silly gunzTarPerm extractEntry bin/myApp/plugins/org.apache.cordova.console/www/logger.js
74 silly gunzTarPerm extractEntry bin/myApp/plugins/org.apache.cordova.device/package.json
75 silly gunzTarPerm extractEntry bin/myApp/plugins/org.apache.cordova.device/README.md
76 silly gunzTarPerm extractEntry bin/myApp/plugins/org.apache.cordova.device/LICENSE
77 silly gunzTarPerm extractEntry bin/myApp/plugins/org.apache.cordova.device/.fetch.json
78 silly gunzTarPerm extractEntry bin/myApp/plugins/org.apache.cordova.device/RELEASENOTES.md
79 silly gunzTarPerm extractEntry bin/myApp/plugins/org.apache.cordova.device/doc/index.md
80 silly gunzTarPerm extractEntry bin/myApp/plugins/org.apache.cordova.device/plugin.xml
81 silly gunzTarPerm extractEntry bin/myApp/plugins/org.apache.cordova.device/src/android/Device.java
82 silly gunzTarPerm extractEntry bin/myApp/plugins/org.apache.cordova.device/src/blackberry10/index.js
83 silly gunzTarPerm extractEntry bin/myApp/plugins/org.apache.cordova.device/src/firefoxos/DeviceProxy.js
84 silly gunzTarPerm extractEntry bin/myApp/plugins/org.apache.cordova.device/src/ios/CDVDevice.h
85 silly gunzTarPerm extractEntry bin/myApp/plugins/org.apache.cordova.device/src/ios/CDVDevice.m
86 silly gunzTarPerm extractEntry bin/myApp/plugins/org.apache.cordova.device/src/tizen/DeviceProxy.js
87 silly gunzTarPerm extractEntry bin/myApp/plugins/org.apache.cordova.device/src/ubuntu/device.js
88 silly gunzTarPerm extractEntry bin/myApp/plugins/org.apache.cordova.device/src/ubuntu/device.cpp
89 silly gunzTarPerm extractEntry bin/myApp/plugins/org.apache.cordova.device/src/ubuntu/device.h
90 silly gunzTarPerm extractEntry bin/myApp/plugins/org.apache.cordova.device/src/windows8/DeviceProxy.js
91 silly gunzTarPerm extractEntry bin/myApp/plugins/org.apache.cordova.device/src/wp/Device.cs
92 silly gunzTarPerm extractEntry bin/myApp/plugins/org.apache.cordova.device/www/device.js
93 silly gunzTarPerm extractEntry bin/myApp/plugins/org.apache.cordova.statusbar/package.json
94 silly gunzTarPerm extractEntry bin/myApp/plugins/org.apache.cordova.statusbar/README.md
95 silly gunzTarPerm extractEntry bin/myApp/plugins/org.apache.cordova.statusbar/.fetch.json
96 silly gunzTarPerm extractEntry bin/myApp/plugins/org.apache.cordova.statusbar/plugin.xml
97 silly gunzTarPerm extractEntry bin/myApp/plugins/org.apache.cordova.statusbar/src/ios/CDVStatusBar.h
98 silly gunzTarPerm extractEntry bin/myApp/plugins/org.apache.cordova.statusbar/src/ios/CDVStatusBar.m
99 silly gunzTarPerm extractEntry bin/myApp/plugins/org.apache.cordova.statusbar/www/statusbar.js
100 silly gunzTarPerm extractEntry bin/myApp/scss/ionic.app.scss
101 silly gunzTarPerm extractEntry bin/myApp/www/.npmignore
102 silly gunzTarPerm extractEntry bin/myApp/www/config.xml
103 silly gunzTarPerm extractEntry bin/myApp/www/img/ionic.png
104 silly gunzTarPerm extractEntry bin/myApp/www/index.html
105 silly gunzTarPerm extractEntry bin/myApp/www/js/app.js
106 silly gunzTarPerm extractEntry bin/myApp/www/js/controllers.js
107 silly gunzTarPerm extractEntry bin/myApp/www/js/services.js
108 silly gunzTarPerm extractEntry bin/myApp/www/templates/friend-detail.html
109 silly gunzTarPerm extractEntry bin/myApp/www/templates/tab-account.html
110 silly gunzTarPerm extractEntry bin/myApp/www/templates/tab-dash.html
111 silly gunzTarPerm extractEntry bin/myApp/www/templates/tab-friends.html
112 silly gunzTarPerm extractEntry bin/myApp/www/templates/tabs.html
113 silly gunzTarPerm extractEntry lib/ionic.js
114 silly gunzTarPerm extractEntry lib/ionic/build.js
115 silly gunzTarPerm extractEntry lib/ionic/login.js
116 silly gunzTarPerm extractEntry lib/ionic/package.js
117 silly gunzTarPerm extractEntry lib/ionic/platform.js
118 silly gunzTarPerm extractEntry lib/ionic/emulate.js
119 silly gunzTarPerm extractEntry lib/ionic/project.js
120 silly gunzTarPerm extractEntry lib/ionic/run.js
121 silly gunzTarPerm extractEntry lib/ionic/start.js
122 silly gunzTarPerm extractEntry lib/ionic/stats.js
123 silly gunzTarPerm extractEntry lib/ionic/task.js
124 silly gunzTarPerm extractEntry lib/ionic/config.js
125 silly gunzTarPerm extractEntry lib/ionic/upload.js
126 silly gunzTarPerm extractEntry lib/ionic/private.js
127 silly lockFile 57e26818-62965-0-6716083725914359-package tar:///var/folders/t9/yqdtb7bs2zv99b4dfp4q014m0000gn/T/npm-77015-wqUddXUV/1396420362965-0.6716083725914359/package
128 silly lockFile 57e26818-62965-0-6716083725914359-package tar:///var/folders/t9/yqdtb7bs2zv99b4dfp4q014m0000gn/T/npm-77015-wqUddXUV/1396420362965-0.6716083725914359/package
129 silly lockFile fc018066-62965-0-6716083725914359-tmp-tgz tar:///var/folders/t9/yqdtb7bs2zv99b4dfp4q014m0000gn/T/npm-77015-wqUddXUV/1396420362965-0.6716083725914359/tmp.tgz
130 silly lockFile fc018066-62965-0-6716083725914359-tmp-tgz tar:///var/folders/t9/yqdtb7bs2zv99b4dfp4q014m0000gn/T/npm-77015-wqUddXUV/1396420362965-0.6716083725914359/tmp.tgz
131 verbose tar pack [ '/Users/Au/.npm/ionic/1.0.1-beta/package.tgz',
131 verbose tar pack   '/var/folders/t9/yqdtb7bs2zv99b4dfp4q014m0000gn/T/npm-77015-wqUddXUV/1396420362965-0.6716083725914359/package' ]
132 verbose tarball /Users/Au/.npm/ionic/1.0.1-beta/package.tgz
133 verbose folder /var/folders/t9/yqdtb7bs2zv99b4dfp4q014m0000gn/T/npm-77015-wqUddXUV/1396420362965-0.6716083725914359/package
134 silly lockFile 57e26818-62965-0-6716083725914359-package tar:///var/folders/t9/yqdtb7bs2zv99b4dfp4q014m0000gn/T/npm-77015-wqUddXUV/1396420362965-0.6716083725914359/package
135 verbose lock tar:///var/folders/t9/yqdtb7bs2zv99b4dfp4q014m0000gn/T/npm-77015-wqUddXUV/1396420362965-0.6716083725914359/package /Users/Au/.npm/57e26818-62965-0-6716083725914359-package.lock
136 silly lockFile dcff80d9-npm-ionic-1-0-1-beta-package-tgz tar:///Users/Au/.npm/ionic/1.0.1-beta/package.tgz
137 verbose lock tar:///Users/Au/.npm/ionic/1.0.1-beta/package.tgz /Users/Au/.npm/dcff80d9-npm-ionic-1-0-1-beta-package-tgz.lock
138 silly lockFile 57e26818-62965-0-6716083725914359-package tar:///var/folders/t9/yqdtb7bs2zv99b4dfp4q014m0000gn/T/npm-77015-wqUddXUV/1396420362965-0.6716083725914359/package
139 silly lockFile 57e26818-62965-0-6716083725914359-package tar:///var/folders/t9/yqdtb7bs2zv99b4dfp4q014m0000gn/T/npm-77015-wqUddXUV/1396420362965-0.6716083725914359/package
140 silly lockFile dcff80d9-npm-ionic-1-0-1-beta-package-tgz tar:///Users/Au/.npm/ionic/1.0.1-beta/package.tgz
141 silly lockFile dcff80d9-npm-ionic-1-0-1-beta-package-tgz tar:///Users/Au/.npm/ionic/1.0.1-beta/package.tgz
142 silly lockFile b74d83dd--Au-npm-ionic-1-0-1-beta-package /Users/Au/.npm/ionic/1.0.1-beta/package
143 verbose lock /Users/Au/.npm/ionic/1.0.1-beta/package /Users/Au/.npm/b74d83dd--Au-npm-ionic-1-0-1-beta-package.lock
144 silly lockFile b74d83dd--Au-npm-ionic-1-0-1-beta-package /Users/Au/.npm/ionic/1.0.1-beta/package
145 silly lockFile b74d83dd--Au-npm-ionic-1-0-1-beta-package /Users/Au/.npm/ionic/1.0.1-beta/package
146 verbose tar unpack /Users/Au/.npm/ionic/1.0.1-beta/package.tgz
147 silly lockFile bbda212a--Au-npm-ionic-1-0-1-beta-package tar:///Users/Au/.npm/ionic/1.0.1-beta/package
148 verbose lock tar:///Users/Au/.npm/ionic/1.0.1-beta/package /Users/Au/.npm/bbda212a--Au-npm-ionic-1-0-1-beta-package.lock
149 silly lockFile dcff80d9-npm-ionic-1-0-1-beta-package-tgz tar:///Users/Au/.npm/ionic/1.0.1-beta/package.tgz
150 verbose lock tar:///Users/Au/.npm/ionic/1.0.1-beta/package.tgz /Users/Au/.npm/dcff80d9-npm-ionic-1-0-1-beta-package-tgz.lock
151 silly gunzTarPerm modes [ '755', '644' ]
152 silly gunzTarPerm extractEntry package.json
153 silly gunzTarPerm extractEntry .npmignore
154 silly gunzTarPerm extractEntry README.md
155 silly gunzTarPerm extractEntry LICENSE
156 silly gunzTarPerm extractEntry .gitattributes
157 silly gunzTarPerm extractEntry bin/ionic
158 silly gunzTarPerm extractEntry bin/myApp/package.json
159 silly gunzTarPerm extractEntry bin/myApp/.npmignore
160 silly gunzTarPerm extractEntry bin/myApp/README.md
161 silly gunzTarPerm extractEntry bin/myApp/gulpfile.js
162 silly gunzTarPerm extractEntry bin/myApp/hooks/.npmignore
163 silly gunzTarPerm extractEntry bin/myApp/hooks/README.md
164 silly gunzTarPerm extractEntry bin/myApp/.bowerrc
165 silly gunzTarPerm extractEntry bin/myApp/bower.json
166 silly gunzTarPerm extractEntry bin/myApp/ionic.project
167 silly gunzTarPerm extractEntry bin/myApp/config.xml
168 silly gunzTarPerm extractEntry bin/myApp/platforms/.npmignore
169 silly gunzTarPerm extractEntry bin/myApp/plugins/.npmignore
170 silly gunzTarPerm extractEntry bin/myApp/plugins/org.apache.cordova.console/package.json
171 silly gunzTarPerm extractEntry bin/myApp/plugins/org.apache.cordova.console/README.md
172 silly gunzTarPerm extractEntry bin/myApp/plugins/org.apache.cordova.console/LICENSE
173 silly gunzTarPerm extractEntry bin/myApp/plugins/org.apache.cordova.console/.fetch.json
174 silly gunzTarPerm extractEntry bin/myApp/plugins/org.apache.cordova.console/RELEASENOTES.md
175 silly gunzTarPerm extractEntry bin/myApp/plugins/org.apache.cordova.console/doc/index.md
176 silly gunzTarPerm extractEntry bin/myApp/plugins/org.apache.cordova.console/plugin.xml
177 silly gunzTarPerm extractEntry bin/myApp/plugins/org.apache.cordova.console/src/ios/CDVLogger.h
178 silly gunzTarPerm extractEntry bin/myApp/plugins/org.apache.cordova.console/src/ios/CDVLogger.m
179 silly gunzTarPerm extractEntry bin/myApp/plugins/org.apache.cordova.console/src/ubuntu/console.cpp
180 silly gunzTarPerm extractEntry bin/myApp/plugins/org.apache.cordova.console/src/ubuntu/console.h
181 silly gunzTarPerm extractEntry bin/myApp/plugins/org.apache.cordova.console/src/wp/DebugConsole.cs
182 silly gunzTarPerm extractEntry bin/myApp/plugins/org.apache.cordova.console/www/console-via-logger.js
183 silly gunzTarPerm extractEntry bin/myApp/plugins/org.apache.cordova.console/www/logger.js
184 silly gunzTarPerm extractEntry bin/myApp/plugins/org.apache.cordova.device/package.json
185 silly gunzTarPerm extractEntry bin/myApp/plugins/org.apache.cordova.device/README.md
186 silly gunzTarPerm extractEntry bin/myApp/plugins/org.apache.cordova.device/LICENSE
187 silly gunzTarPerm extractEntry bin/myApp/plugins/org.apache.cordova.device/.fetch.json
188 silly gunzTarPerm extractEntry bin/myApp/plugins/org.apache.cordova.device/RELEASENOTES.md
189 silly gunzTarPerm extractEntry bin/myApp/plugins/org.apache.cordova.device/doc/index.md
190 silly gunzTarPerm extractEntry bin/myApp/plugins/org.apache.cordova.device/plugin.xml
191 silly gunzTarPerm extractEntry bin/myApp/plugins/org.apache.cordova.device/src/android/Device.java
192 silly gunzTarPerm extractEntry bin/myApp/plugins/org.apache.cordova.device/src/blackberry10/index.js
193 silly gunzTarPerm extractEntry bin/myApp/plugins/org.apache.cordova.device/src/firefoxos/DeviceProxy.js
194 silly gunzTarPerm extractEntry bin/myApp/plugins/org.apache.cordova.device/src/ios/CDVDevice.h
195 silly gunzTarPerm extractEntry bin/myApp/plugins/org.apache.cordova.device/src/ios/CDVDevice.m
196 silly gunzTarPerm extractEntry bin/myApp/plugins/org.apache.cordova.device/src/tizen/DeviceProxy.js
197 silly gunzTarPerm extractEntry bin/myApp/plugins/org.apache.cordova.device/src/ubuntu/device.js
198 silly gunzTarPerm extractEntry bin/myApp/plugins/org.apache.cordova.device/src/ubuntu/device.cpp
199 silly gunzTarPerm extractEntry bin/myApp/plugins/org.apache.cordova.device/src/ubuntu/device.h
200 silly gunzTarPerm extractEntry bin/myApp/plugins/org.apache.cordova.device/src/windows8/DeviceProxy.js
201 silly gunzTarPerm extractEntry bin/myApp/plugins/org.apache.cordova.device/src/wp/Device.cs
202 silly gunzTarPerm extractEntry bin/myApp/plugins/org.apache.cordova.device/www/device.js
203 silly gunzTarPerm extractEntry bin/myApp/plugins/org.apache.cordova.statusbar/package.json
204 silly gunzTarPerm extractEntry bin/myApp/plugins/org.apache.cordova.statusbar/README.md
205 silly gunzTarPerm extractEntry bin/myApp/plugins/org.apache.cordova.statusbar/.fetch.json
206 silly gunzTarPerm extractEntry bin/myApp/plugins/org.apache.cordova.statusbar/plugin.xml
207 silly gunzTarPerm extractEntry bin/myApp/plugins/org.apache.cordova.statusbar/src/ios/CDVStatusBar.h
208 silly gunzTarPerm extractEntry bin/myApp/plugins/org.apache.cordova.statusbar/src/ios/CDVStatusBar.m
209 silly gunzTarPerm extractEntry bin/myApp/plugins/org.apache.cordova.statusbar/www/statusbar.js
210 silly gunzTarPerm extractEntry bin/myApp/scss/ionic.app.scss
211 silly gunzTarPerm extractEntry bin/myApp/www/.npmignore
212 silly gunzTarPerm extractEntry bin/myApp/www/config.xml
213 silly gunzTarPerm extractEntry bin/myApp/www/img/ionic.png
214 silly gunzTarPerm extractEntry bin/myApp/www/index.html
215 silly gunzTarPerm extractEntry bin/myApp/www/js/app.js
216 silly gunzTarPerm extractEntry bin/myApp/www/js/controllers.js
217 silly gunzTarPerm extractEntry bin/myApp/www/js/services.js
218 silly gunzTarPerm extractEntry bin/myApp/www/templates/friend-detail.html
219 silly gunzTarPerm extractEntry bin/myApp/www/templates/tab-account.html
220 silly gunzTarPerm extractEntry bin/myApp/www/templates/tab-dash.html
221 silly gunzTarPerm extractEntry bin/myApp/www/templates/tab-friends.html
222 silly gunzTarPerm extractEntry bin/myApp/www/templates/tabs.html
223 silly gunzTarPerm extractEntry lib/ionic.js
224 silly gunzTarPerm extractEntry lib/ionic/build.js
225 silly gunzTarPerm extractEntry lib/ionic/login.js
226 silly gunzTarPerm extractEntry lib/ionic/package.js
227 silly gunzTarPerm extractEntry lib/ionic/platform.js
228 silly gunzTarPerm extractEntry lib/ionic/emulate.js
229 silly gunzTarPerm extractEntry lib/ionic/project.js
230 silly gunzTarPerm extractEntry lib/ionic/run.js
231 silly gunzTarPerm extractEntry lib/ionic/start.js
232 silly gunzTarPerm extractEntry lib/ionic/stats.js
233 silly gunzTarPerm extractEntry lib/ionic/task.js
234 silly gunzTarPerm extractEntry lib/ionic/config.js
235 silly gunzTarPerm extractEntry lib/ionic/upload.js
236 silly gunzTarPerm extractEntry lib/ionic/private.js
237 silly lockFile bbda212a--Au-npm-ionic-1-0-1-beta-package tar:///Users/Au/.npm/ionic/1.0.1-beta/package
238 silly lockFile bbda212a--Au-npm-ionic-1-0-1-beta-package tar:///Users/Au/.npm/ionic/1.0.1-beta/package
239 silly lockFile dcff80d9-npm-ionic-1-0-1-beta-package-tgz tar:///Users/Au/.npm/ionic/1.0.1-beta/package.tgz
240 silly lockFile dcff80d9-npm-ionic-1-0-1-beta-package-tgz tar:///Users/Au/.npm/ionic/1.0.1-beta/package.tgz
241 verbose chmod /Users/Au/.npm/ionic/1.0.1-beta/package.tgz 644
242 verbose chown /Users/Au/.npm/ionic/1.0.1-beta/package.tgz [ 501, 20 ]
243 silly lockFile 19ff16ea-s-org-ionic-ionic-1-0-1-beta-tgz https://registry.npmjs.org/ionic/-/ionic-1.0.1-beta.tgz
244 silly lockFile 19ff16ea-s-org-ionic-ionic-1-0-1-beta-tgz https://registry.npmjs.org/ionic/-/ionic-1.0.1-beta.tgz
245 silly lockFile 75eacec8-ionic-1-0-1-beta ionic@1.0.1-beta
246 silly lockFile 75eacec8-ionic-1-0-1-beta ionic@1.0.1-beta
247 silly lockFile 966fc04a-ionic ionic@
248 silly lockFile 966fc04a-ionic ionic@
249 silly resolved [ { name: 'ionic',
249 silly resolved     version: '1.0.1-beta',
249 silly resolved     preferGlobal: true,
249 silly resolved     description: 'A tool for creating and building Ionic Framework mobile apps.',
249 silly resolved     homepage: 'http://ionicframework.com/',
249 silly resolved     bin: { ionic: 'bin/ionic' },
249 silly resolved     keywords:
249 silly resolved      [ 'ionic',
249 silly resolved        'ionic framework',
249 silly resolved        'mobile',
249 silly resolved        'html5',
249 silly resolved        'cordova',
249 silly resolved        'phonegap' ],
249 silly resolved     repository:
249 silly resolved      { type: 'git',
249 silly resolved        url: 'https://github.com/driftyco/ionic-cli.git' },
249 silly resolved     author: { name: 'Max Lynch', email: 'max@drifty.com' },
249 silly resolved     license: 'MIT',
249 silly resolved     dependencies:
249 silly resolved      { archiver: '0.5.1',
249 silly resolved        'event-stream': '3.0.x',
249 silly resolved        'form-data': '~0.1.0',
249 silly resolved        ncp: '0.4.2',
249 silly resolved        optimist: '0.6.0',
249 silly resolved        prompt: '0.2.12',
249 silly resolved        request: '2.27.0',
249 silly resolved        shelljs: '0.2.6',
249 silly resolved        unzip: '0.1.9',
249 silly resolved        colors: '^0.6.2',
249 silly resolved        q: '^1.0.1' },
249 silly resolved     readme: 'Ionic-Cli\n=========\n\nThe Ionic Framework command line utility makes it easy to start, build, run, and emulate [Ionic](http://ionicframework.com/) apps. In the future, it will also have support for our mobile development services and tools that make Ionic even more powerful.\n\n## Installing\n\n```bash\n$ sudo npm install -g ionic\n```\n\n## Starting an Ionic App\n\n```bash\n$ ionic start myApp\n```\n\n## Adding a platform target\n\n```bash\n$ ionic platform ios android\n```\n\n## Building your app\n\n```bash\n$ ionic build ios\n```\n\n## Emulating your app\n\n```bash\n$ ionic emulate ios\n```\n\n## Running your app\n\n```bash\n$ ionic run ios\n```\n\nIonic uses Cordova underneath, so you can also substitute Cordova commands to prepare/build/emulate/run, or to add additional plugins.\n\nNote: we occasionally anonymous usage statistics to the Ionic team to make the tool better.\n',
249 silly resolved     readmeFilename: 'README.md',
249 silly resolved     bugs: { url: 'https://github.com/driftyco/ionic-cli/issues' },
249 silly resolved     _id: 'ionic@1.0.1-beta',
249 silly resolved     dist: { shasum: '0f65a6a16825b1854a5bbfb949b6394ccab8e594' },
249 silly resolved     _from: 'ionic@',
249 silly resolved     _resolved: 'https://registry.npmjs.org/ionic/-/ionic-1.0.1-beta.tgz' } ]
250 info install ionic@1.0.1-beta into /usr/local/lib
251 info installOne ionic@1.0.1-beta
252 info /usr/local/lib/node_modules/ionic unbuild
253 verbose tar unpack /Users/Au/.npm/ionic/1.0.1-beta/package.tgz
254 silly lockFile 49903aa3-usr-local-lib-node-modules-ionic tar:///usr/local/lib/node_modules/ionic
255 verbose lock tar:///usr/local/lib/node_modules/ionic /Users/Au/.npm/49903aa3-usr-local-lib-node-modules-ionic.lock
256 silly lockFile dcff80d9-npm-ionic-1-0-1-beta-package-tgz tar:///Users/Au/.npm/ionic/1.0.1-beta/package.tgz
257 verbose lock tar:///Users/Au/.npm/ionic/1.0.1-beta/package.tgz /Users/Au/.npm/dcff80d9-npm-ionic-1-0-1-beta-package-tgz.lock
258 silly gunzTarPerm modes [ '755', '644' ]
259 error Error: EACCES, mkdir '/usr/local/lib/node_modules/ionic'
259 error  { [Error: EACCES, mkdir '/usr/local/lib/node_modules/ionic']
259 error   errno: 3,
259 error   code: 'EACCES',
259 error   path: '/usr/local/lib/node_modules/ionic',
259 error   fstream_type: 'Directory',
259 error   fstream_path: '/usr/local/lib/node_modules/ionic',
259 error   fstream_class: 'DirWriter',
259 error   fstream_stack:
259 error    [ '/usr/local/lib/node_modules/npm/node_modules/fstream/lib/dir-writer.js:36:23',
259 error      '/usr/local/lib/node_modules/npm/node_modules/mkdirp/index.js:37:53',
259 error      'Object.oncomplete (fs.js:107:15)' ] }
260 error Please try running this command again as root/Administrator.
261 error System Darwin 13.1.0
262 error command "/usr/local/bin/node" "/usr/local/bin/npm" "-g" "install" "ionic"
263 error cwd /Users/Au/git/simplecareers
264 error node -v v0.10.21
265 error npm -v 1.3.11
266 error path /usr/local/lib/node_modules/ionic
267 error fstream_path /usr/local/lib/node_modules/ionic
268 error fstream_type Directory
269 error fstream_class DirWriter
270 error code EACCES
271 error errno 3
272 error stack Error: EACCES, mkdir '/usr/local/lib/node_modules/ionic'
273 error fstream_stack /usr/local/lib/node_modules/npm/node_modules/fstream/lib/dir-writer.js:36:23
273 error fstream_stack /usr/local/lib/node_modules/npm/node_modules/mkdirp/index.js:37:53
273 error fstream_stack Object.oncomplete (fs.js:107:15)
274 verbose exit [ 3, true ]
