0 info it worked if it ends with ok
1 verbose cli [ '/usr/local/bin/node',
1 verbose cli   '/usr/local/bin/npm',
1 verbose cli   'install',
1 verbose cli   'load-npm-tasks' ]
2 info using npm@1.3.11
3 info using node@v0.10.21
4 warn package.json frontend@0.0.0 No repository field.
5 verbose readDependencies using package.json deps
6 verbose cache add [ 'load-npm-tasks', null ]
7 verbose cache add name=undefined spec="load-npm-tasks" args=["load-npm-tasks",null]
8 verbose parsed url { protocol: null,
8 verbose parsed url   slashes: null,
8 verbose parsed url   auth: null,
8 verbose parsed url   host: null,
8 verbose parsed url   port: null,
8 verbose parsed url   hostname: null,
8 verbose parsed url   hash: null,
8 verbose parsed url   search: null,
8 verbose parsed url   query: null,
8 verbose parsed url   pathname: 'load-npm-tasks',
8 verbose parsed url   path: 'load-npm-tasks',
8 verbose parsed url   href: 'load-npm-tasks' }
9 silly lockFile d0170c70-load-npm-tasks load-npm-tasks
10 verbose lock load-npm-tasks /Users/Au/.npm/d0170c70-load-npm-tasks.lock
11 silly lockFile d0170c70-load-npm-tasks load-npm-tasks
12 silly lockFile d0170c70-load-npm-tasks load-npm-tasks
13 verbose addNamed [ 'load-npm-tasks', '' ]
14 verbose addNamed [ null, '*' ]
15 silly lockFile b30aa8a7-load-npm-tasks load-npm-tasks@
16 verbose lock load-npm-tasks@ /Users/Au/.npm/b30aa8a7-load-npm-tasks.lock
17 silly addNameRange { name: 'load-npm-tasks', range: '*', hasData: false }
18 verbose url raw load-npm-tasks
19 verbose url resolving [ 'https://registry.npmjs.org/', './load-npm-tasks' ]
20 verbose url resolved https://registry.npmjs.org/load-npm-tasks
21 info trying registry request attempt 1 at 00:11:59
22 http GET https://registry.npmjs.org/load-npm-tasks
23 http 404 https://registry.npmjs.org/load-npm-tasks
24 silly registry.get cb [ 404,
24 silly registry.get   { date: 'Wed, 02 Apr 2014 04:12:01 GMT',
24 silly registry.get     server: 'CouchDB/1.5.0 (Erlang OTP/R14B04)',
24 silly registry.get     'content-type': 'application/json',
24 silly registry.get     via: '1.1 varnish',
24 silly registry.get     'cache-control': 'max-age=0',
24 silly registry.get     'content-length': '52',
24 silly registry.get     'accept-ranges': 'bytes',
24 silly registry.get     age: '0',
24 silly registry.get     'x-served-by': 'cache-v44-ASH, cache-jfk1024-JFK',
24 silly registry.get     'x-cache': 'MISS, MISS',
24 silly registry.get     'x-cache-hits': '0, 0',
24 silly registry.get     'x-timer': 'S1396411921.151821852,VS0,VS1,VE10,VE16',
24 silly registry.get     'keep-alive': 'timeout=10, max=50',
24 silly registry.get     connection: 'Keep-Alive' } ]
25 silly lockFile b30aa8a7-load-npm-tasks load-npm-tasks@
26 silly lockFile b30aa8a7-load-npm-tasks load-npm-tasks@
27 error 404 'load-npm-tasks' is not in the npm registry.
27 error 404 You should bug the author to publish it
27 error 404
27 error 404 Note that you can also install from a
27 error 404 tarball, folder, or http url, or git url.
28 error System Darwin 13.1.0
29 error command "/usr/local/bin/node" "/usr/local/bin/npm" "install" "load-npm-tasks"
30 error cwd /Users/Au/git/simplecareers/frontend
31 error node -v v0.10.21
32 error npm -v 1.3.11
33 error code E404
34 verbose exit [ 1, true ]
